2017-10-16 16:03:15,253 INFO  [org.alfresco.web.config.packaging.ModulePackageManager] [localhost-startStop-1] Found 2 module package(s)
2017-10-16 16:03:15,256 INFO  [org.alfresco.web.config.packaging.ModulePackageManager] [localhost-startStop-1] hosp-share Share Jar Module - SDK 3, 1.0-SNAPSHOT, Share JAR Module (to be included in the share.war) - SDK 3
hosp-share Share Jar Module - SDK 3, 1.0-SNAPSHOT, Share JAR Module (to be included in the share.war) - SDK 3

2017-10-16 16:03:16,275 INFO  [org.springframework.extensions.webscripts.TemplateProcessorRegistry] [localhost-startStop-1] Registered template processor freemarker for extension ftl
2017-10-16 16:03:16,281 INFO  [org.springframework.extensions.webscripts.ScriptProcessorRegistry] [localhost-startStop-1] Registered script processor javascript for extension js
2017-10-16 16:03:16,283 INFO  [org.springframework.extensions.webscripts.TemplateProcessorRegistry] [localhost-startStop-1] Registered template processor freemarker for extension ftl
2017-10-16 16:03:16,284 INFO  [org.springframework.extensions.webscripts.ScriptProcessorRegistry] [localhost-startStop-1] Registered script processor javascript for extension js
2017-10-16 16:03:25,203 INFO  [org.springframework.extensions.webscripts.DeclarativeRegistry] [localhost-startStop-1] Registered 393 Web Scripts (+0 failed), 411 URLs
2017-10-16 16:03:25,203 INFO  [org.springframework.extensions.webscripts.DeclarativeRegistry] [localhost-startStop-1] Registered 8 Package Description Documents (+0 failed) 
2017-10-16 16:03:25,203 INFO  [org.springframework.extensions.webscripts.DeclarativeRegistry] [localhost-startStop-1] Registered 0 Schema Description Documents (+0 failed) 
2017-10-16 16:03:25,294 INFO  [org.springframework.extensions.webscripts.AbstractRuntimeContainer] [localhost-startStop-1] Initialised Surf Container Web Script Container (in 8984.784ms)
2017-10-16 16:03:25,299 INFO  [org.springframework.extensions.webscripts.TemplateProcessorRegistry] [localhost-startStop-1] Registered template processor freemarker for extension ftl
2017-10-16 16:03:25,300 INFO  [org.springframework.extensions.webscripts.ScriptProcessorRegistry] [localhost-startStop-1] Registered script processor javascript for extension js
2017-10-16 16:03:54,254 INFO  [org.alfresco.web.site.EditionInterceptor] [http-bio-8082-exec-3] Successfully retrieved license information from Alfresco.
2017-10-16 16:29:19,890 INFO  [org.alfresco.web.config.packaging.ModulePackageManager] [localhost-startStop-1] Found 2 module package(s)
2017-10-16 16:29:19,903 INFO  [org.alfresco.web.config.packaging.ModulePackageManager] [localhost-startStop-1] hosp-share Share Jar Module - SDK 3, 1.0-SNAPSHOT, Share JAR Module (to be included in the share.war) - SDK 3
hosp-share Share Jar Module - SDK 3, 1.0-SNAPSHOT, Share JAR Module (to be included in the share.war) - SDK 3

2017-10-16 16:29:20,832 INFO  [org.springframework.extensions.webscripts.TemplateProcessorRegistry] [localhost-startStop-1] Registered template processor freemarker for extension ftl
2017-10-16 16:29:20,839 INFO  [org.springframework.extensions.webscripts.ScriptProcessorRegistry] [localhost-startStop-1] Registered script processor javascript for extension js
2017-10-16 16:29:20,840 INFO  [org.springframework.extensions.webscripts.TemplateProcessorRegistry] [localhost-startStop-1] Registered template processor freemarker for extension ftl
2017-10-16 16:29:20,842 INFO  [org.springframework.extensions.webscripts.ScriptProcessorRegistry] [localhost-startStop-1] Registered script processor javascript for extension js
2017-10-16 16:29:30,203 INFO  [org.springframework.extensions.webscripts.DeclarativeRegistry] [localhost-startStop-1] Registered 393 Web Scripts (+0 failed), 411 URLs
2017-10-16 16:29:30,203 INFO  [org.springframework.extensions.webscripts.DeclarativeRegistry] [localhost-startStop-1] Registered 8 Package Description Documents (+0 failed) 
2017-10-16 16:29:30,203 INFO  [org.springframework.extensions.webscripts.DeclarativeRegistry] [localhost-startStop-1] Registered 0 Schema Description Documents (+0 failed) 
2017-10-16 16:29:30,295 INFO  [org.springframework.extensions.webscripts.AbstractRuntimeContainer] [localhost-startStop-1] Initialised Surf Container Web Script Container (in 9417.342ms)
2017-10-16 16:29:30,299 INFO  [org.springframework.extensions.webscripts.TemplateProcessorRegistry] [localhost-startStop-1] Registered template processor freemarker for extension ftl
2017-10-16 16:29:30,300 INFO  [org.springframework.extensions.webscripts.ScriptProcessorRegistry] [localhost-startStop-1] Registered script processor javascript for extension js
2017-10-16 16:29:45,169 INFO  [org.alfresco.web.site.EditionInterceptor] [http-bio-8082-exec-1] Successfully retrieved license information from Alfresco.
2017-10-16 16:36:38,761 INFO  [org.alfresco.web.config.packaging.ModulePackageManager] [localhost-startStop-1] Found 2 module package(s)
2017-10-16 16:36:38,763 INFO  [org.alfresco.web.config.packaging.ModulePackageManager] [localhost-startStop-1] hosp-share Share Jar Module - SDK 3, 1.0-SNAPSHOT, Share JAR Module (to be included in the share.war) - SDK 3
hosp-share Share Jar Module - SDK 3, 1.0-SNAPSHOT, Share JAR Module (to be included in the share.war) - SDK 3

2017-10-16 16:36:39,608 INFO  [org.springframework.extensions.webscripts.TemplateProcessorRegistry] [localhost-startStop-1] Registered template processor freemarker for extension ftl
2017-10-16 16:36:39,613 INFO  [org.springframework.extensions.webscripts.ScriptProcessorRegistry] [localhost-startStop-1] Registered script processor javascript for extension js
2017-10-16 16:36:39,614 INFO  [org.springframework.extensions.webscripts.TemplateProcessorRegistry] [localhost-startStop-1] Registered template processor freemarker for extension ftl
2017-10-16 16:36:39,616 INFO  [org.springframework.extensions.webscripts.ScriptProcessorRegistry] [localhost-startStop-1] Registered script processor javascript for extension js
2017-10-16 16:36:49,029 INFO  [org.springframework.extensions.webscripts.DeclarativeRegistry] [localhost-startStop-1] Registered 393 Web Scripts (+0 failed), 411 URLs
2017-10-16 16:36:49,029 INFO  [org.springframework.extensions.webscripts.DeclarativeRegistry] [localhost-startStop-1] Registered 8 Package Description Documents (+0 failed) 
2017-10-16 16:36:49,030 INFO  [org.springframework.extensions.webscripts.DeclarativeRegistry] [localhost-startStop-1] Registered 0 Schema Description Documents (+0 failed) 
2017-10-16 16:36:49,119 INFO  [org.springframework.extensions.webscripts.AbstractRuntimeContainer] [localhost-startStop-1] Initialised Surf Container Web Script Container (in 9461.92ms)
2017-10-16 16:36:49,124 INFO  [org.springframework.extensions.webscripts.TemplateProcessorRegistry] [localhost-startStop-1] Registered template processor freemarker for extension ftl
2017-10-16 16:36:49,126 INFO  [org.springframework.extensions.webscripts.ScriptProcessorRegistry] [localhost-startStop-1] Registered script processor javascript for extension js
2017-10-16 16:37:48,429 INFO  [org.alfresco.web.site.EditionInterceptor] [http-bio-8082-exec-1] Successfully retrieved license information from Alfresco.
2017-10-16 16:59:56,832 INFO  [org.alfresco.web.config.packaging.ModulePackageManager] [localhost-startStop-1] Found 2 module package(s)
2017-10-16 16:59:56,847 INFO  [org.alfresco.web.config.packaging.ModulePackageManager] [localhost-startStop-1] hosp-share Share Jar Module - SDK 3, 1.0-SNAPSHOT, Share JAR Module (to be included in the share.war) - SDK 3
hosp-share Share Jar Module - SDK 3, 1.0-SNAPSHOT, Share JAR Module (to be included in the share.war) - SDK 3

2017-10-16 16:59:57,783 INFO  [org.springframework.extensions.webscripts.TemplateProcessorRegistry] [localhost-startStop-1] Registered template processor freemarker for extension ftl
2017-10-16 16:59:57,788 INFO  [org.springframework.extensions.webscripts.ScriptProcessorRegistry] [localhost-startStop-1] Registered script processor javascript for extension js
2017-10-16 16:59:57,789 INFO  [org.springframework.extensions.webscripts.TemplateProcessorRegistry] [localhost-startStop-1] Registered template processor freemarker for extension ftl
2017-10-16 16:59:57,791 INFO  [org.springframework.extensions.webscripts.ScriptProcessorRegistry] [localhost-startStop-1] Registered script processor javascript for extension js
2017-10-16 17:00:07,442 INFO  [org.springframework.extensions.webscripts.DeclarativeRegistry] [localhost-startStop-1] Registered 393 Web Scripts (+0 failed), 411 URLs
2017-10-16 17:00:07,442 INFO  [org.springframework.extensions.webscripts.DeclarativeRegistry] [localhost-startStop-1] Registered 8 Package Description Documents (+0 failed) 
2017-10-16 17:00:07,442 INFO  [org.springframework.extensions.webscripts.DeclarativeRegistry] [localhost-startStop-1] Registered 0 Schema Description Documents (+0 failed) 
2017-10-16 17:00:07,537 INFO  [org.springframework.extensions.webscripts.AbstractRuntimeContainer] [localhost-startStop-1] Initialised Surf Container Web Script Container (in 9712.56ms)
2017-10-16 17:00:07,541 INFO  [org.springframework.extensions.webscripts.TemplateProcessorRegistry] [localhost-startStop-1] Registered template processor freemarker for extension ftl
2017-10-16 17:00:07,542 INFO  [org.springframework.extensions.webscripts.ScriptProcessorRegistry] [localhost-startStop-1] Registered script processor javascript for extension js
2017-10-16 17:00:30,853 INFO  [org.alfresco.web.site.EditionInterceptor] [http-bio-8082-exec-1] Successfully retrieved license information from Alfresco.
2017-10-16 17:03:09,266 INFO  [org.alfresco.web.scripts.DictionaryQuery] [http-bio-8082-exec-2] Successfully retrieved Data Dictionary from Alfresco.
2017-10-16 17:03:46,582 INFO  [org.alfresco.web.scripts.ImapServerStatus] [http-bio-8082-exec-4] Successfully retrieved IMAP server status from Alfresco: disabled
2017-10-16 17:03:47,357 INFO  [org.alfresco.web.scripts.QuickShareStatus] [http-bio-8082-exec-4] Successfully retrieved quick share information from Alfresco.
2017-10-16 17:03:47,418 INFO  [org.alfresco.web.scripts.MimetypesQuery] [http-bio-8082-exec-4] Successfully retrieved mimetypes information from Alfresco.
