2017-10-16 14:47:24,804 INFO  [org.alfresco.solr.component.AsyncBuildSuggestComponent] Initializing SuggestComponent
2017-10-16 14:47:24,804 INFO  [org.alfresco.solr.component.AsyncBuildSuggestComponent] Initializing SuggestComponent
2017-10-16 14:47:25,190 INFO  [org.alfresco.solr.component.AsyncBuildSuggestComponent] Loading suggester index for: shingleBasedSuggestions
2017-10-16 14:47:25,386 INFO  [org.alfresco.solr.component.AsyncBuildSuggestComponent] Loaded suggester shingleBasedSuggestions, took 195 ms
2017-10-16 14:47:41,171 ERROR [org.alfresco.solr.tracker.AbstractTracker] Model tracking failed
org.alfresco.error.AlfrescoRuntimeException: 09160000 GetModelsDiff return status is 404
	at org.alfresco.solr.client.SOLRAPIClient.getModelsDiff(SOLRAPIClient.java:1181)
	at org.alfresco.solr.tracker.ModelTracker.trackModelsImpl(ModelTracker.java:256)
	at org.alfresco.solr.tracker.ModelTracker.trackModels(ModelTracker.java:214)
	at org.alfresco.solr.tracker.ModelTracker.ensureFirstModelSync(ModelTracker.java:236)
	at org.alfresco.solr.tracker.CoreWatcherJob.registerForCore(CoreWatcherJob.java:145)
	at org.alfresco.solr.tracker.CoreWatcherJob.execute(CoreWatcherJob.java:82)
	at org.quartz.core.JobRunShell.run(JobRunShell.java:216)
	at org.quartz.simpl.SimpleThreadPool$WorkerThread.run(SimpleThreadPool.java:563)
2017-10-16 14:47:41,244 ERROR [org.alfresco.solr.tracker.AbstractTracker] Model tracking failed
org.alfresco.error.AlfrescoRuntimeException: 09160001 GetModelsDiff return status is 404
	at org.alfresco.solr.client.SOLRAPIClient.getModelsDiff(SOLRAPIClient.java:1181)
	at org.alfresco.solr.tracker.ModelTracker.trackModelsImpl(ModelTracker.java:256)
	at org.alfresco.solr.tracker.ModelTracker.trackModels(ModelTracker.java:214)
	at org.alfresco.solr.tracker.ModelTracker.ensureFirstModelSync(ModelTracker.java:236)
	at org.alfresco.solr.tracker.CoreWatcherJob.registerForCore(CoreWatcherJob.java:145)
	at org.alfresco.solr.tracker.CoreWatcherJob.execute(CoreWatcherJob.java:82)
	at org.quartz.core.JobRunShell.run(JobRunShell.java:216)
	at org.quartz.simpl.SimpleThreadPool$WorkerThread.run(SimpleThreadPool.java:563)
2017-10-16 14:47:45,070 ERROR [org.alfresco.solr.tracker.AbstractTracker] Model tracking failed
org.alfresco.error.AlfrescoRuntimeException: 09160005 GetModelsDiff return status is 404
	at org.alfresco.solr.client.SOLRAPIClient.getModelsDiff(SOLRAPIClient.java:1181)
	at org.alfresco.solr.tracker.ModelTracker.trackModelsImpl(ModelTracker.java:256)
	at org.alfresco.solr.tracker.ModelTracker.trackModels(ModelTracker.java:214)
	at org.alfresco.solr.tracker.ModelTracker.ensureFirstModelSync(ModelTracker.java:236)
	at org.alfresco.solr.component.EnsureModelsComponent.prepare(EnsureModelsComponent.java:87)
	at org.apache.solr.handler.component.AlfrescoSearchHandler.handleRequestBody(AlfrescoSearchHandler.java:292)
	at org.apache.solr.handler.RequestHandlerBase.handleRequest(RequestHandlerBase.java:135)
	at org.alfresco.solr.Cloud.getResponse(Cloud.java:166)
	at org.alfresco.solr.Cloud.getSolrDocumentList(Cloud.java:150)
	at org.alfresco.solr.SolrInformationServer.getDocsWithUncleanContent(SolrInformationServer.java:722)
	at org.alfresco.solr.tracker.ContentTracker.doTrack(ContentTracker.java:81)
	at org.alfresco.solr.tracker.AbstractTracker.track(AbstractTracker.java:190)
	at org.alfresco.solr.tracker.TrackerJob.execute(TrackerJob.java:54)
	at org.quartz.core.JobRunShell.run(JobRunShell.java:216)
	at org.quartz.simpl.SimpleThreadPool$WorkerThread.run(SimpleThreadPool.java:563)
2017-10-16 14:47:45,107 ERROR [org.alfresco.solr.tracker.AbstractTracker] Tracking failed
org.alfresco.error.AlfrescoRuntimeException: 09160002 api/solr/aclchangesets return status:404
	at org.alfresco.solr.client.SOLRAPIClient.getAclChangeSets(SOLRAPIClient.java:169)
	at org.alfresco.solr.tracker.AclTracker.checkRepoAndIndexConsistency(AclTracker.java:342)
	at org.alfresco.solr.tracker.AclTracker.trackRepository(AclTracker.java:320)
	at org.alfresco.solr.tracker.AclTracker.doTrack(AclTracker.java:111)
	at org.alfresco.solr.tracker.AbstractTracker.track(AbstractTracker.java:190)
	at org.alfresco.solr.tracker.TrackerJob.execute(TrackerJob.java:54)
	at org.quartz.core.JobRunShell.run(JobRunShell.java:216)
	at org.quartz.simpl.SimpleThreadPool$WorkerThread.run(SimpleThreadPool.java:563)
2017-10-16 14:47:45,111 ERROR [org.alfresco.solr.tracker.AbstractTracker] Tracking failed
org.alfresco.error.AlfrescoRuntimeException: 09160003 GetModelsDiff return status is 404
	at org.alfresco.solr.client.SOLRAPIClient.getModelsDiff(SOLRAPIClient.java:1181)
	at org.alfresco.solr.tracker.ModelTracker.trackModelsImpl(ModelTracker.java:256)
	at org.alfresco.solr.tracker.ModelTracker.trackModels(ModelTracker.java:214)
	at org.alfresco.solr.tracker.ModelTracker.doTrack(ModelTracker.java:174)
	at org.alfresco.solr.tracker.AbstractTracker.track(AbstractTracker.java:190)
	at org.alfresco.solr.tracker.TrackerJob.execute(TrackerJob.java:54)
	at org.quartz.core.JobRunShell.run(JobRunShell.java:216)
	at org.quartz.simpl.SimpleThreadPool$WorkerThread.run(SimpleThreadPool.java:563)
2017-10-16 14:47:45,128 ERROR [org.alfresco.solr.tracker.AbstractTracker] Tracking failed
org.alfresco.error.AlfrescoRuntimeException: 09160004 api/solr/aclchangesets return status:404
	at org.alfresco.solr.client.SOLRAPIClient.getAclChangeSets(SOLRAPIClient.java:169)
	at org.alfresco.solr.tracker.AclTracker.checkRepoAndIndexConsistency(AclTracker.java:342)
	at org.alfresco.solr.tracker.AclTracker.trackRepository(AclTracker.java:320)
	at org.alfresco.solr.tracker.AclTracker.doTrack(AclTracker.java:111)
	at org.alfresco.solr.tracker.AbstractTracker.track(AbstractTracker.java:190)
	at org.alfresco.solr.tracker.TrackerJob.execute(TrackerJob.java:54)
	at org.quartz.core.JobRunShell.run(JobRunShell.java:216)
	at org.quartz.simpl.SimpleThreadPool$WorkerThread.run(SimpleThreadPool.java:563)
2017-10-16 14:47:45,146 ERROR [org.alfresco.solr.tracker.AbstractTracker] Model tracking failed
org.alfresco.error.AlfrescoRuntimeException: 09160006 GetModelsDiff return status is 404
	at org.alfresco.solr.client.SOLRAPIClient.getModelsDiff(SOLRAPIClient.java:1181)
	at org.alfresco.solr.tracker.ModelTracker.trackModelsImpl(ModelTracker.java:256)
	at org.alfresco.solr.tracker.ModelTracker.trackModels(ModelTracker.java:214)
	at org.alfresco.solr.tracker.ModelTracker.ensureFirstModelSync(ModelTracker.java:236)
	at org.alfresco.solr.component.EnsureModelsComponent.prepare(EnsureModelsComponent.java:87)
	at org.apache.solr.handler.component.AlfrescoSearchHandler.handleRequestBody(AlfrescoSearchHandler.java:292)
	at org.apache.solr.handler.RequestHandlerBase.handleRequest(RequestHandlerBase.java:135)
	at org.alfresco.solr.Cloud.getResponse(Cloud.java:166)
	at org.alfresco.solr.Cloud.getSolrDocumentList(Cloud.java:150)
	at org.alfresco.solr.SolrInformationServer.getDocsWithUncleanContent(SolrInformationServer.java:722)
	at org.alfresco.solr.tracker.ContentTracker.doTrack(ContentTracker.java:81)
	at org.alfresco.solr.tracker.AbstractTracker.track(AbstractTracker.java:190)
	at org.alfresco.solr.tracker.TrackerJob.execute(TrackerJob.java:54)
	at org.quartz.core.JobRunShell.run(JobRunShell.java:216)
	at org.quartz.simpl.SimpleThreadPool$WorkerThread.run(SimpleThreadPool.java:563)
2017-10-16 14:48:00,020 ERROR [org.alfresco.solr.tracker.AbstractTracker] Tracking failed
org.alfresco.error.AlfrescoRuntimeException: 09160007 api/solr/aclchangesets return status:404
	at org.alfresco.solr.client.SOLRAPIClient.getAclChangeSets(SOLRAPIClient.java:169)
	at org.alfresco.solr.tracker.AclTracker.checkRepoAndIndexConsistency(AclTracker.java:342)
	at org.alfresco.solr.tracker.AclTracker.trackRepository(AclTracker.java:320)
	at org.alfresco.solr.tracker.AclTracker.doTrack(AclTracker.java:111)
	at org.alfresco.solr.tracker.AbstractTracker.track(AbstractTracker.java:190)
	at org.alfresco.solr.tracker.TrackerJob.execute(TrackerJob.java:54)
	at org.quartz.core.JobRunShell.run(JobRunShell.java:216)
	at org.quartz.simpl.SimpleThreadPool$WorkerThread.run(SimpleThreadPool.java:563)
2017-10-16 14:48:00,021 ERROR [org.alfresco.solr.tracker.AbstractTracker] Model tracking failed
org.alfresco.error.AlfrescoRuntimeException: 09160009 GetModelsDiff return status is 404
	at org.alfresco.solr.client.SOLRAPIClient.getModelsDiff(SOLRAPIClient.java:1181)
	at org.alfresco.solr.tracker.ModelTracker.trackModelsImpl(ModelTracker.java:256)
	at org.alfresco.solr.tracker.ModelTracker.trackModels(ModelTracker.java:214)
	at org.alfresco.solr.tracker.ModelTracker.ensureFirstModelSync(ModelTracker.java:236)
	at org.alfresco.solr.component.EnsureModelsComponent.prepare(EnsureModelsComponent.java:87)
	at org.apache.solr.handler.component.AlfrescoSearchHandler.handleRequestBody(AlfrescoSearchHandler.java:292)
	at org.apache.solr.handler.RequestHandlerBase.handleRequest(RequestHandlerBase.java:135)
	at org.alfresco.solr.Cloud.getResponse(Cloud.java:166)
	at org.alfresco.solr.Cloud.getSolrDocumentList(Cloud.java:150)
	at org.alfresco.solr.SolrInformationServer.getDocsWithUncleanContent(SolrInformationServer.java:722)
	at org.alfresco.solr.tracker.ContentTracker.doTrack(ContentTracker.java:81)
	at org.alfresco.solr.tracker.AbstractTracker.track(AbstractTracker.java:190)
	at org.alfresco.solr.tracker.TrackerJob.execute(TrackerJob.java:54)
	at org.quartz.core.JobRunShell.run(JobRunShell.java:216)
	at org.quartz.simpl.SimpleThreadPool$WorkerThread.run(SimpleThreadPool.java:563)
2017-10-16 14:48:00,027 ERROR [org.alfresco.solr.tracker.AbstractTracker] Model tracking failed
org.alfresco.error.AlfrescoRuntimeException: 09160010 GetModelsDiff return status is 404
	at org.alfresco.solr.client.SOLRAPIClient.getModelsDiff(SOLRAPIClient.java:1181)
	at org.alfresco.solr.tracker.ModelTracker.trackModelsImpl(ModelTracker.java:256)
	at org.alfresco.solr.tracker.ModelTracker.trackModels(ModelTracker.java:214)
	at org.alfresco.solr.tracker.ModelTracker.ensureFirstModelSync(ModelTracker.java:236)
	at org.alfresco.solr.component.EnsureModelsComponent.prepare(EnsureModelsComponent.java:87)
	at org.apache.solr.handler.component.AlfrescoSearchHandler.handleRequestBody(AlfrescoSearchHandler.java:292)
	at org.apache.solr.handler.RequestHandlerBase.handleRequest(RequestHandlerBase.java:135)
	at org.alfresco.solr.Cloud.getResponse(Cloud.java:166)
	at org.alfresco.solr.Cloud.getSolrDocumentList(Cloud.java:150)
	at org.alfresco.solr.SolrInformationServer.getDocsWithUncleanContent(SolrInformationServer.java:722)
	at org.alfresco.solr.tracker.ContentTracker.doTrack(ContentTracker.java:81)
	at org.alfresco.solr.tracker.AbstractTracker.track(AbstractTracker.java:190)
	at org.alfresco.solr.tracker.TrackerJob.execute(TrackerJob.java:54)
	at org.quartz.core.JobRunShell.run(JobRunShell.java:216)
	at org.quartz.simpl.SimpleThreadPool$WorkerThread.run(SimpleThreadPool.java:563)
2017-10-16 14:48:00,044 ERROR [org.alfresco.solr.tracker.AbstractTracker] Tracking failed
org.alfresco.error.AlfrescoRuntimeException: 09160008 api/solr/aclchangesets return status:404
	at org.alfresco.solr.client.SOLRAPIClient.getAclChangeSets(SOLRAPIClient.java:169)
	at org.alfresco.solr.tracker.AclTracker.checkRepoAndIndexConsistency(AclTracker.java:342)
	at org.alfresco.solr.tracker.AclTracker.trackRepository(AclTracker.java:320)
	at org.alfresco.solr.tracker.AclTracker.doTrack(AclTracker.java:111)
	at org.alfresco.solr.tracker.AbstractTracker.track(AbstractTracker.java:190)
	at org.alfresco.solr.tracker.TrackerJob.execute(TrackerJob.java:54)
	at org.quartz.core.JobRunShell.run(JobRunShell.java:216)
	at org.quartz.simpl.SimpleThreadPool$WorkerThread.run(SimpleThreadPool.java:563)
2017-10-16 14:48:00,049 ERROR [org.alfresco.solr.tracker.AbstractTracker] Tracking failed
org.alfresco.error.AlfrescoRuntimeException: 09160011 GetModelsDiff return status is 404
	at org.alfresco.solr.client.SOLRAPIClient.getModelsDiff(SOLRAPIClient.java:1181)
	at org.alfresco.solr.tracker.ModelTracker.trackModelsImpl(ModelTracker.java:256)
	at org.alfresco.solr.tracker.ModelTracker.trackModels(ModelTracker.java:214)
	at org.alfresco.solr.tracker.ModelTracker.doTrack(ModelTracker.java:174)
	at org.alfresco.solr.tracker.AbstractTracker.track(AbstractTracker.java:190)
	at org.alfresco.solr.tracker.TrackerJob.execute(TrackerJob.java:54)
	at org.quartz.core.JobRunShell.run(JobRunShell.java:216)
	at org.quartz.simpl.SimpleThreadPool$WorkerThread.run(SimpleThreadPool.java:563)
2017-10-16 14:48:15,011 ERROR [org.alfresco.solr.tracker.AbstractTracker] Model tracking failed
org.alfresco.error.AlfrescoRuntimeException: 09160014 GetModelsDiff return status is 404
	at org.alfresco.solr.client.SOLRAPIClient.getModelsDiff(SOLRAPIClient.java:1181)
	at org.alfresco.solr.tracker.ModelTracker.trackModelsImpl(ModelTracker.java:256)
	at org.alfresco.solr.tracker.ModelTracker.trackModels(ModelTracker.java:214)
	at org.alfresco.solr.tracker.ModelTracker.ensureFirstModelSync(ModelTracker.java:236)
	at org.alfresco.solr.component.EnsureModelsComponent.prepare(EnsureModelsComponent.java:87)
	at org.apache.solr.handler.component.AlfrescoSearchHandler.handleRequestBody(AlfrescoSearchHandler.java:292)
	at org.apache.solr.handler.RequestHandlerBase.handleRequest(RequestHandlerBase.java:135)
	at org.alfresco.solr.Cloud.getResponse(Cloud.java:166)
	at org.alfresco.solr.Cloud.getSolrDocumentList(Cloud.java:150)
	at org.alfresco.solr.SolrInformationServer.getDocsWithUncleanContent(SolrInformationServer.java:722)
	at org.alfresco.solr.tracker.ContentTracker.doTrack(ContentTracker.java:81)
	at org.alfresco.solr.tracker.AbstractTracker.track(AbstractTracker.java:190)
	at org.alfresco.solr.tracker.TrackerJob.execute(TrackerJob.java:54)
	at org.quartz.core.JobRunShell.run(JobRunShell.java:216)
	at org.quartz.simpl.SimpleThreadPool$WorkerThread.run(SimpleThreadPool.java:563)
2017-10-16 14:48:15,017 ERROR [org.alfresco.solr.tracker.AbstractTracker] Model tracking failed
org.alfresco.error.AlfrescoRuntimeException: 09160015 GetModelsDiff return status is 404
	at org.alfresco.solr.client.SOLRAPIClient.getModelsDiff(SOLRAPIClient.java:1181)
	at org.alfresco.solr.tracker.ModelTracker.trackModelsImpl(ModelTracker.java:256)
	at org.alfresco.solr.tracker.ModelTracker.trackModels(ModelTracker.java:214)
	at org.alfresco.solr.tracker.ModelTracker.ensureFirstModelSync(ModelTracker.java:236)
	at org.alfresco.solr.component.EnsureModelsComponent.prepare(EnsureModelsComponent.java:87)
	at org.apache.solr.handler.component.AlfrescoSearchHandler.handleRequestBody(AlfrescoSearchHandler.java:292)
	at org.apache.solr.handler.RequestHandlerBase.handleRequest(RequestHandlerBase.java:135)
	at org.alfresco.solr.Cloud.getResponse(Cloud.java:166)
	at org.alfresco.solr.Cloud.getSolrDocumentList(Cloud.java:150)
	at org.alfresco.solr.SolrInformationServer.getDocsWithUncleanContent(SolrInformationServer.java:722)
	at org.alfresco.solr.tracker.ContentTracker.doTrack(ContentTracker.java:81)
	at org.alfresco.solr.tracker.AbstractTracker.track(AbstractTracker.java:190)
	at org.alfresco.solr.tracker.TrackerJob.execute(TrackerJob.java:54)
	at org.quartz.core.JobRunShell.run(JobRunShell.java:216)
	at org.quartz.simpl.SimpleThreadPool$WorkerThread.run(SimpleThreadPool.java:563)
2017-10-16 14:48:15,020 ERROR [org.alfresco.solr.tracker.AbstractTracker] Tracking failed
org.alfresco.error.AlfrescoRuntimeException: 09160012 api/solr/aclchangesets return status:404
	at org.alfresco.solr.client.SOLRAPIClient.getAclChangeSets(SOLRAPIClient.java:169)
	at org.alfresco.solr.tracker.AclTracker.checkRepoAndIndexConsistency(AclTracker.java:342)
	at org.alfresco.solr.tracker.AclTracker.trackRepository(AclTracker.java:320)
	at org.alfresco.solr.tracker.AclTracker.doTrack(AclTracker.java:111)
	at org.alfresco.solr.tracker.AbstractTracker.track(AbstractTracker.java:190)
	at org.alfresco.solr.tracker.TrackerJob.execute(TrackerJob.java:54)
	at org.quartz.core.JobRunShell.run(JobRunShell.java:216)
	at org.quartz.simpl.SimpleThreadPool$WorkerThread.run(SimpleThreadPool.java:563)
2017-10-16 14:48:15,026 ERROR [org.alfresco.solr.tracker.AbstractTracker] Tracking failed
org.alfresco.error.AlfrescoRuntimeException: 09160013 api/solr/aclchangesets return status:404
	at org.alfresco.solr.client.SOLRAPIClient.getAclChangeSets(SOLRAPIClient.java:169)
	at org.alfresco.solr.tracker.AclTracker.checkRepoAndIndexConsistency(AclTracker.java:342)
	at org.alfresco.solr.tracker.AclTracker.trackRepository(AclTracker.java:320)
	at org.alfresco.solr.tracker.AclTracker.doTrack(AclTracker.java:111)
	at org.alfresco.solr.tracker.AbstractTracker.track(AbstractTracker.java:190)
	at org.alfresco.solr.tracker.TrackerJob.execute(TrackerJob.java:54)
	at org.quartz.core.JobRunShell.run(JobRunShell.java:216)
	at org.quartz.simpl.SimpleThreadPool$WorkerThread.run(SimpleThreadPool.java:563)
2017-10-16 14:48:15,036 ERROR [org.alfresco.solr.tracker.AbstractTracker] Tracking failed
org.alfresco.error.AlfrescoRuntimeException: 09160016 GetModelsDiff return status is 404
	at org.alfresco.solr.client.SOLRAPIClient.getModelsDiff(SOLRAPIClient.java:1181)
	at org.alfresco.solr.tracker.ModelTracker.trackModelsImpl(ModelTracker.java:256)
	at org.alfresco.solr.tracker.ModelTracker.trackModels(ModelTracker.java:214)
	at org.alfresco.solr.tracker.ModelTracker.doTrack(ModelTracker.java:174)
	at org.alfresco.solr.tracker.AbstractTracker.track(AbstractTracker.java:190)
	at org.alfresco.solr.tracker.TrackerJob.execute(TrackerJob.java:54)
	at org.quartz.core.JobRunShell.run(JobRunShell.java:216)
	at org.quartz.simpl.SimpleThreadPool$WorkerThread.run(SimpleThreadPool.java:563)
2017-10-16 14:48:30,010 ERROR [org.alfresco.solr.tracker.AbstractTracker] Model tracking failed
org.alfresco.error.AlfrescoRuntimeException: 09160019 GetModelsDiff return status is 404
	at org.alfresco.solr.client.SOLRAPIClient.getModelsDiff(SOLRAPIClient.java:1181)
	at org.alfresco.solr.tracker.ModelTracker.trackModelsImpl(ModelTracker.java:256)
	at org.alfresco.solr.tracker.ModelTracker.trackModels(ModelTracker.java:214)
	at org.alfresco.solr.tracker.ModelTracker.ensureFirstModelSync(ModelTracker.java:236)
	at org.alfresco.solr.component.EnsureModelsComponent.prepare(EnsureModelsComponent.java:87)
	at org.apache.solr.handler.component.AlfrescoSearchHandler.handleRequestBody(AlfrescoSearchHandler.java:292)
	at org.apache.solr.handler.RequestHandlerBase.handleRequest(RequestHandlerBase.java:135)
	at org.alfresco.solr.Cloud.getResponse(Cloud.java:166)
	at org.alfresco.solr.Cloud.getSolrDocumentList(Cloud.java:150)
	at org.alfresco.solr.SolrInformationServer.getDocsWithUncleanContent(SolrInformationServer.java:722)
	at org.alfresco.solr.tracker.ContentTracker.doTrack(ContentTracker.java:81)
	at org.alfresco.solr.tracker.AbstractTracker.track(AbstractTracker.java:190)
	at org.alfresco.solr.tracker.TrackerJob.execute(TrackerJob.java:54)
	at org.quartz.core.JobRunShell.run(JobRunShell.java:216)
	at org.quartz.simpl.SimpleThreadPool$WorkerThread.run(SimpleThreadPool.java:563)
2017-10-16 14:48:30,024 ERROR [org.alfresco.solr.tracker.AbstractTracker] Model tracking failed
org.alfresco.error.AlfrescoRuntimeException: 09160020 GetModelsDiff return status is 404
	at org.alfresco.solr.client.SOLRAPIClient.getModelsDiff(SOLRAPIClient.java:1181)
	at org.alfresco.solr.tracker.ModelTracker.trackModelsImpl(ModelTracker.java:256)
	at org.alfresco.solr.tracker.ModelTracker.trackModels(ModelTracker.java:214)
	at org.alfresco.solr.tracker.ModelTracker.ensureFirstModelSync(ModelTracker.java:236)
	at org.alfresco.solr.component.EnsureModelsComponent.prepare(EnsureModelsComponent.java:87)
	at org.apache.solr.handler.component.AlfrescoSearchHandler.handleRequestBody(AlfrescoSearchHandler.java:292)
	at org.apache.solr.handler.RequestHandlerBase.handleRequest(RequestHandlerBase.java:135)
	at org.alfresco.solr.Cloud.getResponse(Cloud.java:166)
	at org.alfresco.solr.Cloud.getSolrDocumentList(Cloud.java:150)
	at org.alfresco.solr.SolrInformationServer.getDocsWithUncleanContent(SolrInformationServer.java:722)
	at org.alfresco.solr.tracker.ContentTracker.doTrack(ContentTracker.java:81)
	at org.alfresco.solr.tracker.AbstractTracker.track(AbstractTracker.java:190)
	at org.alfresco.solr.tracker.TrackerJob.execute(TrackerJob.java:54)
	at org.quartz.core.JobRunShell.run(JobRunShell.java:216)
	at org.quartz.simpl.SimpleThreadPool$WorkerThread.run(SimpleThreadPool.java:563)
2017-10-16 14:48:30,027 ERROR [org.alfresco.solr.tracker.AbstractTracker] Tracking failed
org.alfresco.error.AlfrescoRuntimeException: 09160018 api/solr/aclchangesets return status:404
	at org.alfresco.solr.client.SOLRAPIClient.getAclChangeSets(SOLRAPIClient.java:169)
	at org.alfresco.solr.tracker.AclTracker.checkRepoAndIndexConsistency(AclTracker.java:342)
	at org.alfresco.solr.tracker.AclTracker.trackRepository(AclTracker.java:320)
	at org.alfresco.solr.tracker.AclTracker.doTrack(AclTracker.java:111)
	at org.alfresco.solr.tracker.AbstractTracker.track(AbstractTracker.java:190)
	at org.alfresco.solr.tracker.TrackerJob.execute(TrackerJob.java:54)
	at org.quartz.core.JobRunShell.run(JobRunShell.java:216)
	at org.quartz.simpl.SimpleThreadPool$WorkerThread.run(SimpleThreadPool.java:563)
2017-10-16 14:48:30,028 ERROR [org.alfresco.solr.tracker.AbstractTracker] Tracking failed
org.alfresco.error.AlfrescoRuntimeException: 09160017 api/solr/aclchangesets return status:404
	at org.alfresco.solr.client.SOLRAPIClient.getAclChangeSets(SOLRAPIClient.java:169)
	at org.alfresco.solr.tracker.AclTracker.checkRepoAndIndexConsistency(AclTracker.java:342)
	at org.alfresco.solr.tracker.AclTracker.trackRepository(AclTracker.java:320)
	at org.alfresco.solr.tracker.AclTracker.doTrack(AclTracker.java:111)
	at org.alfresco.solr.tracker.AbstractTracker.track(AbstractTracker.java:190)
	at org.alfresco.solr.tracker.TrackerJob.execute(TrackerJob.java:54)
	at org.quartz.core.JobRunShell.run(JobRunShell.java:216)
	at org.quartz.simpl.SimpleThreadPool$WorkerThread.run(SimpleThreadPool.java:563)
2017-10-16 14:48:30,046 ERROR [org.alfresco.solr.tracker.AbstractTracker] Tracking failed
org.alfresco.error.AlfrescoRuntimeException: 09160021 GetModelsDiff return status is 404
	at org.alfresco.solr.client.SOLRAPIClient.getModelsDiff(SOLRAPIClient.java:1181)
	at org.alfresco.solr.tracker.ModelTracker.trackModelsImpl(ModelTracker.java:256)
	at org.alfresco.solr.tracker.ModelTracker.trackModels(ModelTracker.java:214)
	at org.alfresco.solr.tracker.ModelTracker.doTrack(ModelTracker.java:174)
	at org.alfresco.solr.tracker.AbstractTracker.track(AbstractTracker.java:190)
	at org.alfresco.solr.tracker.TrackerJob.execute(TrackerJob.java:54)
	at org.quartz.core.JobRunShell.run(JobRunShell.java:216)
	at org.quartz.simpl.SimpleThreadPool$WorkerThread.run(SimpleThreadPool.java:563)
2017-10-16 14:48:45,008 ERROR [org.alfresco.solr.tracker.AbstractTracker] Model tracking failed
org.alfresco.error.AlfrescoRuntimeException: 09160024 GetModelsDiff return status is 404
	at org.alfresco.solr.client.SOLRAPIClient.getModelsDiff(SOLRAPIClient.java:1181)
	at org.alfresco.solr.tracker.ModelTracker.trackModelsImpl(ModelTracker.java:256)
	at org.alfresco.solr.tracker.ModelTracker.trackModels(ModelTracker.java:214)
	at org.alfresco.solr.tracker.ModelTracker.ensureFirstModelSync(ModelTracker.java:236)
	at org.alfresco.solr.component.EnsureModelsComponent.prepare(EnsureModelsComponent.java:87)
	at org.apache.solr.handler.component.AlfrescoSearchHandler.handleRequestBody(AlfrescoSearchHandler.java:292)
	at org.apache.solr.handler.RequestHandlerBase.handleRequest(RequestHandlerBase.java:135)
	at org.alfresco.solr.Cloud.getResponse(Cloud.java:166)
	at org.alfresco.solr.Cloud.getSolrDocumentList(Cloud.java:150)
	at org.alfresco.solr.SolrInformationServer.getDocsWithUncleanContent(SolrInformationServer.java:722)
	at org.alfresco.solr.tracker.ContentTracker.doTrack(ContentTracker.java:81)
	at org.alfresco.solr.tracker.AbstractTracker.track(AbstractTracker.java:190)
	at org.alfresco.solr.tracker.TrackerJob.execute(TrackerJob.java:54)
	at org.quartz.core.JobRunShell.run(JobRunShell.java:216)
	at org.quartz.simpl.SimpleThreadPool$WorkerThread.run(SimpleThreadPool.java:563)
2017-10-16 14:48:45,017 ERROR [org.alfresco.solr.tracker.AbstractTracker] Model tracking failed
org.alfresco.error.AlfrescoRuntimeException: 09160025 GetModelsDiff return status is 404
	at org.alfresco.solr.client.SOLRAPIClient.getModelsDiff(SOLRAPIClient.java:1181)
	at org.alfresco.solr.tracker.ModelTracker.trackModelsImpl(ModelTracker.java:256)
	at org.alfresco.solr.tracker.ModelTracker.trackModels(ModelTracker.java:214)
	at org.alfresco.solr.tracker.ModelTracker.ensureFirstModelSync(ModelTracker.java:236)
	at org.alfresco.solr.component.EnsureModelsComponent.prepare(EnsureModelsComponent.java:87)
	at org.apache.solr.handler.component.AlfrescoSearchHandler.handleRequestBody(AlfrescoSearchHandler.java:292)
	at org.apache.solr.handler.RequestHandlerBase.handleRequest(RequestHandlerBase.java:135)
	at org.alfresco.solr.Cloud.getResponse(Cloud.java:166)
	at org.alfresco.solr.Cloud.getSolrDocumentList(Cloud.java:150)
	at org.alfresco.solr.SolrInformationServer.getDocsWithUncleanContent(SolrInformationServer.java:722)
	at org.alfresco.solr.tracker.ContentTracker.doTrack(ContentTracker.java:81)
	at org.alfresco.solr.tracker.AbstractTracker.track(AbstractTracker.java:190)
	at org.alfresco.solr.tracker.TrackerJob.execute(TrackerJob.java:54)
	at org.quartz.core.JobRunShell.run(JobRunShell.java:216)
	at org.quartz.simpl.SimpleThreadPool$WorkerThread.run(SimpleThreadPool.java:563)
2017-10-16 14:48:45,019 ERROR [org.alfresco.solr.tracker.AbstractTracker] Tracking failed
org.alfresco.error.AlfrescoRuntimeException: 09160023 api/solr/aclchangesets return status:404
	at org.alfresco.solr.client.SOLRAPIClient.getAclChangeSets(SOLRAPIClient.java:169)
	at org.alfresco.solr.tracker.AclTracker.checkRepoAndIndexConsistency(AclTracker.java:342)
	at org.alfresco.solr.tracker.AclTracker.trackRepository(AclTracker.java:320)
	at org.alfresco.solr.tracker.AclTracker.doTrack(AclTracker.java:111)
	at org.alfresco.solr.tracker.AbstractTracker.track(AbstractTracker.java:190)
	at org.alfresco.solr.tracker.TrackerJob.execute(TrackerJob.java:54)
	at org.quartz.core.JobRunShell.run(JobRunShell.java:216)
	at org.quartz.simpl.SimpleThreadPool$WorkerThread.run(SimpleThreadPool.java:563)
2017-10-16 14:48:45,028 ERROR [org.alfresco.solr.tracker.AbstractTracker] Tracking failed
org.alfresco.error.AlfrescoRuntimeException: 09160022 api/solr/aclchangesets return status:404
	at org.alfresco.solr.client.SOLRAPIClient.getAclChangeSets(SOLRAPIClient.java:169)
	at org.alfresco.solr.tracker.AclTracker.checkRepoAndIndexConsistency(AclTracker.java:342)
	at org.alfresco.solr.tracker.AclTracker.trackRepository(AclTracker.java:320)
	at org.alfresco.solr.tracker.AclTracker.doTrack(AclTracker.java:111)
	at org.alfresco.solr.tracker.AbstractTracker.track(AbstractTracker.java:190)
	at org.alfresco.solr.tracker.TrackerJob.execute(TrackerJob.java:54)
	at org.quartz.core.JobRunShell.run(JobRunShell.java:216)
	at org.quartz.simpl.SimpleThreadPool$WorkerThread.run(SimpleThreadPool.java:563)
2017-10-16 14:48:45,038 ERROR [org.alfresco.solr.tracker.AbstractTracker] Tracking failed
org.alfresco.error.AlfrescoRuntimeException: 09160026 GetModelsDiff return status is 404
	at org.alfresco.solr.client.SOLRAPIClient.getModelsDiff(SOLRAPIClient.java:1181)
	at org.alfresco.solr.tracker.ModelTracker.trackModelsImpl(ModelTracker.java:256)
	at org.alfresco.solr.tracker.ModelTracker.trackModels(ModelTracker.java:214)
	at org.alfresco.solr.tracker.ModelTracker.doTrack(ModelTracker.java:174)
	at org.alfresco.solr.tracker.AbstractTracker.track(AbstractTracker.java:190)
	at org.alfresco.solr.tracker.TrackerJob.execute(TrackerJob.java:54)
	at org.quartz.core.JobRunShell.run(JobRunShell.java:216)
	at org.quartz.simpl.SimpleThreadPool$WorkerThread.run(SimpleThreadPool.java:563)
2017-10-16 14:49:00,015 ERROR [org.alfresco.solr.tracker.AbstractTracker] Model tracking failed
org.alfresco.error.AlfrescoRuntimeException: 09160028 GetModelsDiff return status is 404
	at org.alfresco.solr.client.SOLRAPIClient.getModelsDiff(SOLRAPIClient.java:1181)
	at org.alfresco.solr.tracker.ModelTracker.trackModelsImpl(ModelTracker.java:256)
	at org.alfresco.solr.tracker.ModelTracker.trackModels(ModelTracker.java:214)
	at org.alfresco.solr.tracker.ModelTracker.ensureFirstModelSync(ModelTracker.java:236)
	at org.alfresco.solr.component.EnsureModelsComponent.prepare(EnsureModelsComponent.java:87)
	at org.apache.solr.handler.component.AlfrescoSearchHandler.handleRequestBody(AlfrescoSearchHandler.java:292)
	at org.apache.solr.handler.RequestHandlerBase.handleRequest(RequestHandlerBase.java:135)
	at org.alfresco.solr.Cloud.getResponse(Cloud.java:166)
	at org.alfresco.solr.Cloud.getSolrDocumentList(Cloud.java:150)
	at org.alfresco.solr.SolrInformationServer.getDocsWithUncleanContent(SolrInformationServer.java:722)
	at org.alfresco.solr.tracker.ContentTracker.doTrack(ContentTracker.java:81)
	at org.alfresco.solr.tracker.AbstractTracker.track(AbstractTracker.java:190)
	at org.alfresco.solr.tracker.TrackerJob.execute(TrackerJob.java:54)
	at org.quartz.core.JobRunShell.run(JobRunShell.java:216)
	at org.quartz.simpl.SimpleThreadPool$WorkerThread.run(SimpleThreadPool.java:563)
2017-10-16 14:49:00,018 ERROR [org.alfresco.solr.tracker.AbstractTracker] Tracking failed
org.alfresco.error.AlfrescoRuntimeException: 09160027 api/solr/aclchangesets return status:404
	at org.alfresco.solr.client.SOLRAPIClient.getAclChangeSets(SOLRAPIClient.java:169)
	at org.alfresco.solr.tracker.AclTracker.checkRepoAndIndexConsistency(AclTracker.java:342)
	at org.alfresco.solr.tracker.AclTracker.trackRepository(AclTracker.java:320)
	at org.alfresco.solr.tracker.AclTracker.doTrack(AclTracker.java:111)
	at org.alfresco.solr.tracker.AbstractTracker.track(AbstractTracker.java:190)
	at org.alfresco.solr.tracker.TrackerJob.execute(TrackerJob.java:54)
	at org.quartz.core.JobRunShell.run(JobRunShell.java:216)
	at org.quartz.simpl.SimpleThreadPool$WorkerThread.run(SimpleThreadPool.java:563)
2017-10-16 14:49:00,027 ERROR [org.alfresco.solr.tracker.AbstractTracker] Model tracking failed
org.alfresco.error.AlfrescoRuntimeException: 09160030 GetModelsDiff return status is 404
	at org.alfresco.solr.client.SOLRAPIClient.getModelsDiff(SOLRAPIClient.java:1181)
	at org.alfresco.solr.tracker.ModelTracker.trackModelsImpl(ModelTracker.java:256)
	at org.alfresco.solr.tracker.ModelTracker.trackModels(ModelTracker.java:214)
	at org.alfresco.solr.tracker.ModelTracker.ensureFirstModelSync(ModelTracker.java:236)
	at org.alfresco.solr.component.EnsureModelsComponent.prepare(EnsureModelsComponent.java:87)
	at org.apache.solr.handler.component.AlfrescoSearchHandler.handleRequestBody(AlfrescoSearchHandler.java:292)
	at org.apache.solr.handler.RequestHandlerBase.handleRequest(RequestHandlerBase.java:135)
	at org.alfresco.solr.Cloud.getResponse(Cloud.java:166)
	at org.alfresco.solr.Cloud.getSolrDocumentList(Cloud.java:150)
	at org.alfresco.solr.SolrInformationServer.getDocsWithUncleanContent(SolrInformationServer.java:722)
	at org.alfresco.solr.tracker.ContentTracker.doTrack(ContentTracker.java:81)
	at org.alfresco.solr.tracker.AbstractTracker.track(AbstractTracker.java:190)
	at org.alfresco.solr.tracker.TrackerJob.execute(TrackerJob.java:54)
	at org.quartz.core.JobRunShell.run(JobRunShell.java:216)
	at org.quartz.simpl.SimpleThreadPool$WorkerThread.run(SimpleThreadPool.java:563)
2017-10-16 14:49:00,047 ERROR [org.alfresco.solr.tracker.AbstractTracker] Tracking failed
org.alfresco.error.AlfrescoRuntimeException: 09160029 api/solr/aclchangesets return status:404
	at org.alfresco.solr.client.SOLRAPIClient.getAclChangeSets(SOLRAPIClient.java:169)
	at org.alfresco.solr.tracker.AclTracker.checkRepoAndIndexConsistency(AclTracker.java:342)
	at org.alfresco.solr.tracker.AclTracker.trackRepository(AclTracker.java:320)
	at org.alfresco.solr.tracker.AclTracker.doTrack(AclTracker.java:111)
	at org.alfresco.solr.tracker.AbstractTracker.track(AbstractTracker.java:190)
	at org.alfresco.solr.tracker.TrackerJob.execute(TrackerJob.java:54)
	at org.quartz.core.JobRunShell.run(JobRunShell.java:216)
	at org.quartz.simpl.SimpleThreadPool$WorkerThread.run(SimpleThreadPool.java:563)
2017-10-16 14:49:00,054 ERROR [org.alfresco.solr.tracker.AbstractTracker] Tracking failed
org.alfresco.error.AlfrescoRuntimeException: 09160031 GetModelsDiff return status is 404
	at org.alfresco.solr.client.SOLRAPIClient.getModelsDiff(SOLRAPIClient.java:1181)
	at org.alfresco.solr.tracker.ModelTracker.trackModelsImpl(ModelTracker.java:256)
	at org.alfresco.solr.tracker.ModelTracker.trackModels(ModelTracker.java:214)
	at org.alfresco.solr.tracker.ModelTracker.doTrack(ModelTracker.java:174)
	at org.alfresco.solr.tracker.AbstractTracker.track(AbstractTracker.java:190)
	at org.alfresco.solr.tracker.TrackerJob.execute(TrackerJob.java:54)
	at org.quartz.core.JobRunShell.run(JobRunShell.java:216)
	at org.quartz.simpl.SimpleThreadPool$WorkerThread.run(SimpleThreadPool.java:563)
2017-10-16 14:49:15,009 ERROR [org.alfresco.solr.tracker.AbstractTracker] Model tracking failed
org.alfresco.error.AlfrescoRuntimeException: 09160034 GetModelsDiff return status is 404
	at org.alfresco.solr.client.SOLRAPIClient.getModelsDiff(SOLRAPIClient.java:1181)
	at org.alfresco.solr.tracker.ModelTracker.trackModelsImpl(ModelTracker.java:256)
	at org.alfresco.solr.tracker.ModelTracker.trackModels(ModelTracker.java:214)
	at org.alfresco.solr.tracker.ModelTracker.ensureFirstModelSync(ModelTracker.java:236)
	at org.alfresco.solr.component.EnsureModelsComponent.prepare(EnsureModelsComponent.java:87)
	at org.apache.solr.handler.component.AlfrescoSearchHandler.handleRequestBody(AlfrescoSearchHandler.java:292)
	at org.apache.solr.handler.RequestHandlerBase.handleRequest(RequestHandlerBase.java:135)
	at org.alfresco.solr.Cloud.getResponse(Cloud.java:166)
	at org.alfresco.solr.Cloud.getSolrDocumentList(Cloud.java:150)
	at org.alfresco.solr.SolrInformationServer.getDocsWithUncleanContent(SolrInformationServer.java:722)
	at org.alfresco.solr.tracker.ContentTracker.doTrack(ContentTracker.java:81)
	at org.alfresco.solr.tracker.AbstractTracker.track(AbstractTracker.java:190)
	at org.alfresco.solr.tracker.TrackerJob.execute(TrackerJob.java:54)
	at org.quartz.core.JobRunShell.run(JobRunShell.java:216)
	at org.quartz.simpl.SimpleThreadPool$WorkerThread.run(SimpleThreadPool.java:563)
2017-10-16 14:49:15,018 ERROR [org.alfresco.solr.tracker.AbstractTracker] Model tracking failed
org.alfresco.error.AlfrescoRuntimeException: 09160035 GetModelsDiff return status is 404
	at org.alfresco.solr.client.SOLRAPIClient.getModelsDiff(SOLRAPIClient.java:1181)
	at org.alfresco.solr.tracker.ModelTracker.trackModelsImpl(ModelTracker.java:256)
	at org.alfresco.solr.tracker.ModelTracker.trackModels(ModelTracker.java:214)
	at org.alfresco.solr.tracker.ModelTracker.ensureFirstModelSync(ModelTracker.java:236)
	at org.alfresco.solr.component.EnsureModelsComponent.prepare(EnsureModelsComponent.java:87)
	at org.apache.solr.handler.component.AlfrescoSearchHandler.handleRequestBody(AlfrescoSearchHandler.java:292)
	at org.apache.solr.handler.RequestHandlerBase.handleRequest(RequestHandlerBase.java:135)
	at org.alfresco.solr.Cloud.getResponse(Cloud.java:166)
	at org.alfresco.solr.Cloud.getSolrDocumentList(Cloud.java:150)
	at org.alfresco.solr.SolrInformationServer.getDocsWithUncleanContent(SolrInformationServer.java:722)
	at org.alfresco.solr.tracker.ContentTracker.doTrack(ContentTracker.java:81)
	at org.alfresco.solr.tracker.AbstractTracker.track(AbstractTracker.java:190)
	at org.alfresco.solr.tracker.TrackerJob.execute(TrackerJob.java:54)
	at org.quartz.core.JobRunShell.run(JobRunShell.java:216)
	at org.quartz.simpl.SimpleThreadPool$WorkerThread.run(SimpleThreadPool.java:563)
2017-10-16 14:49:15,035 ERROR [org.alfresco.solr.tracker.AbstractTracker] Tracking failed
org.alfresco.error.AlfrescoRuntimeException: 09160033 api/solr/aclchangesets return status:404
	at org.alfresco.solr.client.SOLRAPIClient.getAclChangeSets(SOLRAPIClient.java:169)
	at org.alfresco.solr.tracker.AclTracker.checkRepoAndIndexConsistency(AclTracker.java:342)
	at org.alfresco.solr.tracker.AclTracker.trackRepository(AclTracker.java:320)
	at org.alfresco.solr.tracker.AclTracker.doTrack(AclTracker.java:111)
	at org.alfresco.solr.tracker.AbstractTracker.track(AbstractTracker.java:190)
	at org.alfresco.solr.tracker.TrackerJob.execute(TrackerJob.java:54)
	at org.quartz.core.JobRunShell.run(JobRunShell.java:216)
	at org.quartz.simpl.SimpleThreadPool$WorkerThread.run(SimpleThreadPool.java:563)
2017-10-16 14:49:15,041 ERROR [org.alfresco.solr.tracker.AbstractTracker] Tracking failed
org.alfresco.error.AlfrescoRuntimeException: 09160032 api/solr/aclchangesets return status:404
	at org.alfresco.solr.client.SOLRAPIClient.getAclChangeSets(SOLRAPIClient.java:169)
	at org.alfresco.solr.tracker.AclTracker.checkRepoAndIndexConsistency(AclTracker.java:342)
	at org.alfresco.solr.tracker.AclTracker.trackRepository(AclTracker.java:320)
	at org.alfresco.solr.tracker.AclTracker.doTrack(AclTracker.java:111)
	at org.alfresco.solr.tracker.AbstractTracker.track(AbstractTracker.java:190)
	at org.alfresco.solr.tracker.TrackerJob.execute(TrackerJob.java:54)
	at org.quartz.core.JobRunShell.run(JobRunShell.java:216)
	at org.quartz.simpl.SimpleThreadPool$WorkerThread.run(SimpleThreadPool.java:563)
2017-10-16 14:49:15,059 ERROR [org.alfresco.solr.tracker.AbstractTracker] Tracking failed
org.alfresco.error.AlfrescoRuntimeException: 09160036 GetModelsDiff return status is 404
	at org.alfresco.solr.client.SOLRAPIClient.getModelsDiff(SOLRAPIClient.java:1181)
	at org.alfresco.solr.tracker.ModelTracker.trackModelsImpl(ModelTracker.java:256)
	at org.alfresco.solr.tracker.ModelTracker.trackModels(ModelTracker.java:214)
	at org.alfresco.solr.tracker.ModelTracker.doTrack(ModelTracker.java:174)
	at org.alfresco.solr.tracker.AbstractTracker.track(AbstractTracker.java:190)
	at org.alfresco.solr.tracker.TrackerJob.execute(TrackerJob.java:54)
	at org.quartz.core.JobRunShell.run(JobRunShell.java:216)
	at org.quartz.simpl.SimpleThreadPool$WorkerThread.run(SimpleThreadPool.java:563)
2017-10-16 14:49:30,011 ERROR [org.alfresco.solr.tracker.AbstractTracker] Model tracking failed
org.alfresco.error.AlfrescoRuntimeException: 09160039 GetModelsDiff return status is 404
	at org.alfresco.solr.client.SOLRAPIClient.getModelsDiff(SOLRAPIClient.java:1181)
	at org.alfresco.solr.tracker.ModelTracker.trackModelsImpl(ModelTracker.java:256)
	at org.alfresco.solr.tracker.ModelTracker.trackModels(ModelTracker.java:214)
	at org.alfresco.solr.tracker.ModelTracker.ensureFirstModelSync(ModelTracker.java:236)
	at org.alfresco.solr.component.EnsureModelsComponent.prepare(EnsureModelsComponent.java:87)
	at org.apache.solr.handler.component.AlfrescoSearchHandler.handleRequestBody(AlfrescoSearchHandler.java:292)
	at org.apache.solr.handler.RequestHandlerBase.handleRequest(RequestHandlerBase.java:135)
	at org.alfresco.solr.Cloud.getResponse(Cloud.java:166)
	at org.alfresco.solr.Cloud.getSolrDocumentList(Cloud.java:150)
	at org.alfresco.solr.SolrInformationServer.getDocsWithUncleanContent(SolrInformationServer.java:722)
	at org.alfresco.solr.tracker.ContentTracker.doTrack(ContentTracker.java:81)
	at org.alfresco.solr.tracker.AbstractTracker.track(AbstractTracker.java:190)
	at org.alfresco.solr.tracker.TrackerJob.execute(TrackerJob.java:54)
	at org.quartz.core.JobRunShell.run(JobRunShell.java:216)
	at org.quartz.simpl.SimpleThreadPool$WorkerThread.run(SimpleThreadPool.java:563)
2017-10-16 14:49:30,016 ERROR [org.alfresco.solr.tracker.AbstractTracker] Tracking failed
org.alfresco.error.AlfrescoRuntimeException: 09160038 api/solr/aclchangesets return status:404
	at org.alfresco.solr.client.SOLRAPIClient.getAclChangeSets(SOLRAPIClient.java:169)
	at org.alfresco.solr.tracker.AclTracker.checkRepoAndIndexConsistency(AclTracker.java:342)
	at org.alfresco.solr.tracker.AclTracker.trackRepository(AclTracker.java:320)
	at org.alfresco.solr.tracker.AclTracker.doTrack(AclTracker.java:111)
	at org.alfresco.solr.tracker.AbstractTracker.track(AbstractTracker.java:190)
	at org.alfresco.solr.tracker.TrackerJob.execute(TrackerJob.java:54)
	at org.quartz.core.JobRunShell.run(JobRunShell.java:216)
	at org.quartz.simpl.SimpleThreadPool$WorkerThread.run(SimpleThreadPool.java:563)
2017-10-16 14:49:30,017 ERROR [org.alfresco.solr.tracker.AbstractTracker] Model tracking failed
org.alfresco.error.AlfrescoRuntimeException: 09160040 GetModelsDiff return status is 404
	at org.alfresco.solr.client.SOLRAPIClient.getModelsDiff(SOLRAPIClient.java:1181)
	at org.alfresco.solr.tracker.ModelTracker.trackModelsImpl(ModelTracker.java:256)
	at org.alfresco.solr.tracker.ModelTracker.trackModels(ModelTracker.java:214)
	at org.alfresco.solr.tracker.ModelTracker.ensureFirstModelSync(ModelTracker.java:236)
	at org.alfresco.solr.component.EnsureModelsComponent.prepare(EnsureModelsComponent.java:87)
	at org.apache.solr.handler.component.AlfrescoSearchHandler.handleRequestBody(AlfrescoSearchHandler.java:292)
	at org.apache.solr.handler.RequestHandlerBase.handleRequest(RequestHandlerBase.java:135)
	at org.alfresco.solr.Cloud.getResponse(Cloud.java:166)
	at org.alfresco.solr.Cloud.getSolrDocumentList(Cloud.java:150)
	at org.alfresco.solr.SolrInformationServer.getDocsWithUncleanContent(SolrInformationServer.java:722)
	at org.alfresco.solr.tracker.ContentTracker.doTrack(ContentTracker.java:81)
	at org.alfresco.solr.tracker.AbstractTracker.track(AbstractTracker.java:190)
	at org.alfresco.solr.tracker.TrackerJob.execute(TrackerJob.java:54)
	at org.quartz.core.JobRunShell.run(JobRunShell.java:216)
	at org.quartz.simpl.SimpleThreadPool$WorkerThread.run(SimpleThreadPool.java:563)
2017-10-16 14:49:30,018 ERROR [org.alfresco.solr.tracker.AbstractTracker] Tracking failed
org.alfresco.error.AlfrescoRuntimeException: 09160037 api/solr/aclchangesets return status:404
	at org.alfresco.solr.client.SOLRAPIClient.getAclChangeSets(SOLRAPIClient.java:169)
	at org.alfresco.solr.tracker.AclTracker.checkRepoAndIndexConsistency(AclTracker.java:342)
	at org.alfresco.solr.tracker.AclTracker.trackRepository(AclTracker.java:320)
	at org.alfresco.solr.tracker.AclTracker.doTrack(AclTracker.java:111)
	at org.alfresco.solr.tracker.AbstractTracker.track(AbstractTracker.java:190)
	at org.alfresco.solr.tracker.TrackerJob.execute(TrackerJob.java:54)
	at org.quartz.core.JobRunShell.run(JobRunShell.java:216)
	at org.quartz.simpl.SimpleThreadPool$WorkerThread.run(SimpleThreadPool.java:563)
2017-10-16 14:49:30,032 ERROR [org.alfresco.solr.tracker.AbstractTracker] Tracking failed
org.alfresco.error.AlfrescoRuntimeException: 09160041 GetModelsDiff return status is 404
	at org.alfresco.solr.client.SOLRAPIClient.getModelsDiff(SOLRAPIClient.java:1181)
	at org.alfresco.solr.tracker.ModelTracker.trackModelsImpl(ModelTracker.java:256)
	at org.alfresco.solr.tracker.ModelTracker.trackModels(ModelTracker.java:214)
	at org.alfresco.solr.tracker.ModelTracker.doTrack(ModelTracker.java:174)
	at org.alfresco.solr.tracker.AbstractTracker.track(AbstractTracker.java:190)
	at org.alfresco.solr.tracker.TrackerJob.execute(TrackerJob.java:54)
	at org.quartz.core.JobRunShell.run(JobRunShell.java:216)
	at org.quartz.simpl.SimpleThreadPool$WorkerThread.run(SimpleThreadPool.java:563)
2017-10-16 14:49:45,012 ERROR [org.alfresco.solr.tracker.AbstractTracker] Model tracking failed
org.alfresco.error.AlfrescoRuntimeException: 09160044 GetModelsDiff return status is 404
	at org.alfresco.solr.client.SOLRAPIClient.getModelsDiff(SOLRAPIClient.java:1181)
	at org.alfresco.solr.tracker.ModelTracker.trackModelsImpl(ModelTracker.java:256)
	at org.alfresco.solr.tracker.ModelTracker.trackModels(ModelTracker.java:214)
	at org.alfresco.solr.tracker.ModelTracker.ensureFirstModelSync(ModelTracker.java:236)
	at org.alfresco.solr.component.EnsureModelsComponent.prepare(EnsureModelsComponent.java:87)
	at org.apache.solr.handler.component.AlfrescoSearchHandler.handleRequestBody(AlfrescoSearchHandler.java:292)
	at org.apache.solr.handler.RequestHandlerBase.handleRequest(RequestHandlerBase.java:135)
	at org.alfresco.solr.Cloud.getResponse(Cloud.java:166)
	at org.alfresco.solr.Cloud.getSolrDocumentList(Cloud.java:150)
	at org.alfresco.solr.SolrInformationServer.getDocsWithUncleanContent(SolrInformationServer.java:722)
	at org.alfresco.solr.tracker.ContentTracker.doTrack(ContentTracker.java:81)
	at org.alfresco.solr.tracker.AbstractTracker.track(AbstractTracker.java:190)
	at org.alfresco.solr.tracker.TrackerJob.execute(TrackerJob.java:54)
	at org.quartz.core.JobRunShell.run(JobRunShell.java:216)
	at org.quartz.simpl.SimpleThreadPool$WorkerThread.run(SimpleThreadPool.java:563)
2017-10-16 14:49:45,018 ERROR [org.alfresco.solr.tracker.AbstractTracker] Model tracking failed
org.alfresco.error.AlfrescoRuntimeException: 09160045 GetModelsDiff return status is 404
	at org.alfresco.solr.client.SOLRAPIClient.getModelsDiff(SOLRAPIClient.java:1181)
	at org.alfresco.solr.tracker.ModelTracker.trackModelsImpl(ModelTracker.java:256)
	at org.alfresco.solr.tracker.ModelTracker.trackModels(ModelTracker.java:214)
	at org.alfresco.solr.tracker.ModelTracker.ensureFirstModelSync(ModelTracker.java:236)
	at org.alfresco.solr.component.EnsureModelsComponent.prepare(EnsureModelsComponent.java:87)
	at org.apache.solr.handler.component.AlfrescoSearchHandler.handleRequestBody(AlfrescoSearchHandler.java:292)
	at org.apache.solr.handler.RequestHandlerBase.handleRequest(RequestHandlerBase.java:135)
	at org.alfresco.solr.Cloud.getResponse(Cloud.java:166)
	at org.alfresco.solr.Cloud.getSolrDocumentList(Cloud.java:150)
	at org.alfresco.solr.SolrInformationServer.getDocsWithUncleanContent(SolrInformationServer.java:722)
	at org.alfresco.solr.tracker.ContentTracker.doTrack(ContentTracker.java:81)
	at org.alfresco.solr.tracker.AbstractTracker.track(AbstractTracker.java:190)
	at org.alfresco.solr.tracker.TrackerJob.execute(TrackerJob.java:54)
	at org.quartz.core.JobRunShell.run(JobRunShell.java:216)
	at org.quartz.simpl.SimpleThreadPool$WorkerThread.run(SimpleThreadPool.java:563)
2017-10-16 14:49:45,030 ERROR [org.alfresco.solr.tracker.AbstractTracker] Tracking failed
org.alfresco.error.AlfrescoRuntimeException: 09160042 api/solr/aclchangesets return status:404
	at org.alfresco.solr.client.SOLRAPIClient.getAclChangeSets(SOLRAPIClient.java:169)
	at org.alfresco.solr.tracker.AclTracker.checkRepoAndIndexConsistency(AclTracker.java:342)
	at org.alfresco.solr.tracker.AclTracker.trackRepository(AclTracker.java:320)
	at org.alfresco.solr.tracker.AclTracker.doTrack(AclTracker.java:111)
	at org.alfresco.solr.tracker.AbstractTracker.track(AbstractTracker.java:190)
	at org.alfresco.solr.tracker.TrackerJob.execute(TrackerJob.java:54)
	at org.quartz.core.JobRunShell.run(JobRunShell.java:216)
	at org.quartz.simpl.SimpleThreadPool$WorkerThread.run(SimpleThreadPool.java:563)
2017-10-16 14:49:45,031 ERROR [org.alfresco.solr.tracker.AbstractTracker] Tracking failed
org.alfresco.error.AlfrescoRuntimeException: 09160043 api/solr/aclchangesets return status:404
	at org.alfresco.solr.client.SOLRAPIClient.getAclChangeSets(SOLRAPIClient.java:169)
	at org.alfresco.solr.tracker.AclTracker.checkRepoAndIndexConsistency(AclTracker.java:342)
	at org.alfresco.solr.tracker.AclTracker.trackRepository(AclTracker.java:320)
	at org.alfresco.solr.tracker.AclTracker.doTrack(AclTracker.java:111)
	at org.alfresco.solr.tracker.AbstractTracker.track(AbstractTracker.java:190)
	at org.alfresco.solr.tracker.TrackerJob.execute(TrackerJob.java:54)
	at org.quartz.core.JobRunShell.run(JobRunShell.java:216)
	at org.quartz.simpl.SimpleThreadPool$WorkerThread.run(SimpleThreadPool.java:563)
2017-10-16 14:49:45,043 ERROR [org.alfresco.solr.tracker.AbstractTracker] Tracking failed
org.alfresco.error.AlfrescoRuntimeException: 09160046 GetModelsDiff return status is 404
	at org.alfresco.solr.client.SOLRAPIClient.getModelsDiff(SOLRAPIClient.java:1181)
	at org.alfresco.solr.tracker.ModelTracker.trackModelsImpl(ModelTracker.java:256)
	at org.alfresco.solr.tracker.ModelTracker.trackModels(ModelTracker.java:214)
	at org.alfresco.solr.tracker.ModelTracker.doTrack(ModelTracker.java:174)
	at org.alfresco.solr.tracker.AbstractTracker.track(AbstractTracker.java:190)
	at org.alfresco.solr.tracker.TrackerJob.execute(TrackerJob.java:54)
	at org.quartz.core.JobRunShell.run(JobRunShell.java:216)
	at org.quartz.simpl.SimpleThreadPool$WorkerThread.run(SimpleThreadPool.java:563)
2017-10-16 14:59:55,419 INFO  [org.alfresco.solr.component.AsyncBuildSuggestComponent] Initializing SuggestComponent
2017-10-16 14:59:55,419 INFO  [org.alfresco.solr.component.AsyncBuildSuggestComponent] Initializing SuggestComponent
2017-10-16 14:59:55,861 INFO  [org.alfresco.solr.component.AsyncBuildSuggestComponent] Loading suggester index for: shingleBasedSuggestions
2017-10-16 14:59:56,074 INFO  [org.alfresco.solr.component.AsyncBuildSuggestComponent] Loaded suggester shingleBasedSuggestions, took 212 ms
2017-10-16 15:00:01,240 ERROR [org.alfresco.solr.tracker.AbstractTracker] Model tracking failed
org.alfresco.error.AlfrescoRuntimeException: 09160000 GetModelsDiff return status is 404
	at org.alfresco.solr.client.SOLRAPIClient.getModelsDiff(SOLRAPIClient.java:1181)
	at org.alfresco.solr.tracker.ModelTracker.trackModelsImpl(ModelTracker.java:256)
	at org.alfresco.solr.tracker.ModelTracker.trackModels(ModelTracker.java:214)
	at org.alfresco.solr.tracker.ModelTracker.ensureFirstModelSync(ModelTracker.java:236)
	at org.alfresco.solr.tracker.CoreWatcherJob.registerForCore(CoreWatcherJob.java:145)
	at org.alfresco.solr.tracker.CoreWatcherJob.execute(CoreWatcherJob.java:82)
	at org.quartz.core.JobRunShell.run(JobRunShell.java:216)
	at org.quartz.simpl.SimpleThreadPool$WorkerThread.run(SimpleThreadPool.java:563)
2017-10-16 15:00:01,373 ERROR [org.alfresco.solr.tracker.AbstractTracker] Model tracking failed
org.alfresco.error.AlfrescoRuntimeException: 09160002 GetModelsDiff return status is 404
	at org.alfresco.solr.client.SOLRAPIClient.getModelsDiff(SOLRAPIClient.java:1181)
	at org.alfresco.solr.tracker.ModelTracker.trackModelsImpl(ModelTracker.java:256)
	at org.alfresco.solr.tracker.ModelTracker.trackModels(ModelTracker.java:214)
	at org.alfresco.solr.tracker.ModelTracker.ensureFirstModelSync(ModelTracker.java:236)
	at org.alfresco.solr.tracker.CoreWatcherJob.registerForCore(CoreWatcherJob.java:145)
	at org.alfresco.solr.tracker.CoreWatcherJob.execute(CoreWatcherJob.java:82)
	at org.quartz.core.JobRunShell.run(JobRunShell.java:216)
	at org.quartz.simpl.SimpleThreadPool$WorkerThread.run(SimpleThreadPool.java:563)
2017-10-16 15:00:01,390 ERROR [org.alfresco.solr.tracker.AbstractTracker] Tracking failed
org.alfresco.error.AlfrescoRuntimeException: 09160001 GetModelsDiff return status is 404
	at org.alfresco.solr.client.SOLRAPIClient.getModelsDiff(SOLRAPIClient.java:1181)
	at org.alfresco.solr.tracker.ModelTracker.trackModelsImpl(ModelTracker.java:256)
	at org.alfresco.solr.tracker.ModelTracker.trackModels(ModelTracker.java:214)
	at org.alfresco.solr.tracker.ModelTracker.doTrack(ModelTracker.java:174)
	at org.alfresco.solr.tracker.AbstractTracker.track(AbstractTracker.java:190)
	at org.alfresco.solr.tracker.TrackerJob.execute(TrackerJob.java:54)
	at org.quartz.core.JobRunShell.run(JobRunShell.java:216)
	at org.quartz.simpl.SimpleThreadPool$WorkerThread.run(SimpleThreadPool.java:563)
2017-10-16 15:00:15,037 ERROR [org.alfresco.solr.tracker.AbstractTracker] Tracking failed
org.alfresco.error.AlfrescoRuntimeException: 09160003 api/solr/aclchangesets return status:404
	at org.alfresco.solr.client.SOLRAPIClient.getAclChangeSets(SOLRAPIClient.java:169)
	at org.alfresco.solr.tracker.AclTracker.checkRepoAndIndexConsistency(AclTracker.java:342)
	at org.alfresco.solr.tracker.AclTracker.trackRepository(AclTracker.java:320)
	at org.alfresco.solr.tracker.AclTracker.doTrack(AclTracker.java:111)
	at org.alfresco.solr.tracker.AbstractTracker.track(AbstractTracker.java:190)
	at org.alfresco.solr.tracker.TrackerJob.execute(TrackerJob.java:54)
	at org.quartz.core.JobRunShell.run(JobRunShell.java:216)
	at org.quartz.simpl.SimpleThreadPool$WorkerThread.run(SimpleThreadPool.java:563)
2017-10-16 15:00:15,039 ERROR [org.alfresco.solr.tracker.AbstractTracker] Tracking failed
org.alfresco.error.AlfrescoRuntimeException: 09160004 api/solr/aclchangesets return status:404
	at org.alfresco.solr.client.SOLRAPIClient.getAclChangeSets(SOLRAPIClient.java:169)
	at org.alfresco.solr.tracker.AclTracker.checkRepoAndIndexConsistency(AclTracker.java:342)
	at org.alfresco.solr.tracker.AclTracker.trackRepository(AclTracker.java:320)
	at org.alfresco.solr.tracker.AclTracker.doTrack(AclTracker.java:111)
	at org.alfresco.solr.tracker.AbstractTracker.track(AbstractTracker.java:190)
	at org.alfresco.solr.tracker.TrackerJob.execute(TrackerJob.java:54)
	at org.quartz.core.JobRunShell.run(JobRunShell.java:216)
	at org.quartz.simpl.SimpleThreadPool$WorkerThread.run(SimpleThreadPool.java:563)
2017-10-16 15:00:15,055 ERROR [org.alfresco.solr.tracker.AbstractTracker] Tracking failed
org.alfresco.error.AlfrescoRuntimeException: 09160005 GetModelsDiff return status is 404
	at org.alfresco.solr.client.SOLRAPIClient.getModelsDiff(SOLRAPIClient.java:1181)
	at org.alfresco.solr.tracker.ModelTracker.trackModelsImpl(ModelTracker.java:256)
	at org.alfresco.solr.tracker.ModelTracker.trackModels(ModelTracker.java:214)
	at org.alfresco.solr.tracker.ModelTracker.doTrack(ModelTracker.java:174)
	at org.alfresco.solr.tracker.AbstractTracker.track(AbstractTracker.java:190)
	at org.alfresco.solr.tracker.TrackerJob.execute(TrackerJob.java:54)
	at org.quartz.core.JobRunShell.run(JobRunShell.java:216)
	at org.quartz.simpl.SimpleThreadPool$WorkerThread.run(SimpleThreadPool.java:563)
2017-10-16 15:00:15,061 ERROR [org.alfresco.solr.tracker.AbstractTracker] Model tracking failed
org.alfresco.error.AlfrescoRuntimeException: 09160006 GetModelsDiff return status is 404
	at org.alfresco.solr.client.SOLRAPIClient.getModelsDiff(SOLRAPIClient.java:1181)
	at org.alfresco.solr.tracker.ModelTracker.trackModelsImpl(ModelTracker.java:256)
	at org.alfresco.solr.tracker.ModelTracker.trackModels(ModelTracker.java:214)
	at org.alfresco.solr.tracker.ModelTracker.ensureFirstModelSync(ModelTracker.java:236)
	at org.alfresco.solr.component.EnsureModelsComponent.prepare(EnsureModelsComponent.java:87)
	at org.apache.solr.handler.component.AlfrescoSearchHandler.handleRequestBody(AlfrescoSearchHandler.java:292)
	at org.apache.solr.handler.RequestHandlerBase.handleRequest(RequestHandlerBase.java:135)
	at org.alfresco.solr.Cloud.getResponse(Cloud.java:166)
	at org.alfresco.solr.Cloud.getSolrDocumentList(Cloud.java:150)
	at org.alfresco.solr.SolrInformationServer.getDocsWithUncleanContent(SolrInformationServer.java:722)
	at org.alfresco.solr.tracker.ContentTracker.doTrack(ContentTracker.java:81)
	at org.alfresco.solr.tracker.AbstractTracker.track(AbstractTracker.java:190)
	at org.alfresco.solr.tracker.TrackerJob.execute(TrackerJob.java:54)
	at org.quartz.core.JobRunShell.run(JobRunShell.java:216)
	at org.quartz.simpl.SimpleThreadPool$WorkerThread.run(SimpleThreadPool.java:563)
2017-10-16 15:00:15,097 ERROR [org.alfresco.solr.tracker.AbstractTracker] Model tracking failed
org.alfresco.error.AlfrescoRuntimeException: 09160007 GetModelsDiff return status is 404
	at org.alfresco.solr.client.SOLRAPIClient.getModelsDiff(SOLRAPIClient.java:1181)
	at org.alfresco.solr.tracker.ModelTracker.trackModelsImpl(ModelTracker.java:256)
	at org.alfresco.solr.tracker.ModelTracker.trackModels(ModelTracker.java:214)
	at org.alfresco.solr.tracker.ModelTracker.ensureFirstModelSync(ModelTracker.java:236)
	at org.alfresco.solr.component.EnsureModelsComponent.prepare(EnsureModelsComponent.java:87)
	at org.apache.solr.handler.component.AlfrescoSearchHandler.handleRequestBody(AlfrescoSearchHandler.java:292)
	at org.apache.solr.handler.RequestHandlerBase.handleRequest(RequestHandlerBase.java:135)
	at org.alfresco.solr.Cloud.getResponse(Cloud.java:166)
	at org.alfresco.solr.Cloud.getSolrDocumentList(Cloud.java:150)
	at org.alfresco.solr.SolrInformationServer.getDocsWithUncleanContent(SolrInformationServer.java:722)
	at org.alfresco.solr.tracker.ContentTracker.doTrack(ContentTracker.java:81)
	at org.alfresco.solr.tracker.AbstractTracker.track(AbstractTracker.java:190)
	at org.alfresco.solr.tracker.TrackerJob.execute(TrackerJob.java:54)
	at org.quartz.core.JobRunShell.run(JobRunShell.java:216)
	at org.quartz.simpl.SimpleThreadPool$WorkerThread.run(SimpleThreadPool.java:563)
2017-10-16 15:57:08,177 INFO  [org.alfresco.solr.component.AsyncBuildSuggestComponent] Initializing SuggestComponent
2017-10-16 15:57:08,177 INFO  [org.alfresco.solr.component.AsyncBuildSuggestComponent] Initializing SuggestComponent
2017-10-16 15:57:08,613 INFO  [org.alfresco.solr.component.AsyncBuildSuggestComponent] Loading suggester index for: shingleBasedSuggestions
2017-10-16 15:57:08,830 INFO  [org.alfresco.solr.component.AsyncBuildSuggestComponent] Loaded suggester shingleBasedSuggestions, took 216 ms
2017-10-16 16:22:46,903 INFO  [org.alfresco.solr.component.AsyncBuildSuggestComponent] Initializing SuggestComponent
2017-10-16 16:22:47,044 INFO  [org.alfresco.solr.component.AsyncBuildSuggestComponent] Initializing SuggestComponent
2017-10-16 16:22:47,336 INFO  [org.alfresco.solr.component.AsyncBuildSuggestComponent] Loading suggester index for: shingleBasedSuggestions
2017-10-16 16:22:47,986 INFO  [org.alfresco.solr.component.AsyncBuildSuggestComponent] Loaded suggester shingleBasedSuggestions, took 649 ms
2017-10-16 16:54:08,946 INFO  [org.alfresco.solr.component.AsyncBuildSuggestComponent] Initializing SuggestComponent
2017-10-16 16:54:09,047 INFO  [org.alfresco.solr.component.AsyncBuildSuggestComponent] Initializing SuggestComponent
2017-10-16 16:54:09,361 INFO  [org.alfresco.solr.component.AsyncBuildSuggestComponent] Loading suggester index for: shingleBasedSuggestions
2017-10-16 16:54:10,000 INFO  [org.alfresco.solr.component.AsyncBuildSuggestComponent] Loaded suggester shingleBasedSuggestions, took 638 ms
